<?xml version="1.0" encoding="UTF-8"?>
<!-- Generated by org.testng.reporters.JUnitXMLReporter -->
<testsuite ignored="0" hostname="Abhilash" failures="0" tests="3" name="Test" time="0.074" errors="0" timestamp="2025-03-02T10:52:04 IST">
  <testcase classname="testCases.BasaClass" name="@BeforeClass Setup" time="-1.74089292478E9">
    <failure type="org.testng.TestNGException" message="
Method Setup requires 2 parameters but 1 were supplied in the BeforeClass annotation.">
      <![CDATA[org.testng.TestNGException: 
Method Setup requires 2 parameters but 1 were supplied in the BeforeClass annotation.
at java.base/java.util.ArrayList.forEach(ArrayList.java:1597)
... Removed 22 stack frames]]>
    </failure>
  </testcase> <!-- @BeforeClass Setup -->
  <testcase classname="testCases.BasaClass" name="@AfterClass tearDown" time="0.0">
    <skipped/>
  </testcase> <!-- @AfterClass tearDown -->
  <testcase classname="testCases.Tc01_accountRegrestratintest" name="verify_accountRegrestration" time="0.0">
    <skipped/>
  </testcase> <!-- verify_accountRegrestration -->
  <testcase classname="testCases.Tc01_accountRegrestratintest" name="verify_accountRegrestration" time="0.0">
    <skipped/>
  </testcase> <!-- verify_accountRegrestration -->
  <testcase classname="testCases.Tc01_accountRegrestratintest" name="verify_accountRegrestration" time="0.0">
    <skipped/>
  </testcase> <!-- verify_accountRegrestration -->
</testsuite> <!-- Test -->
